<?xml version="1.0" encoding="UTF-8"?>
<!-- Generated by org.testng.reporters.JUnitReportReporter -->
<testsuite skipped="0" hostname="rbs-HP-ProBook-450-G1" name="imperialtextest.ImperialTexSuite" tests="1" failures="0" timestamp="24 Nov 2016 15:50:22 GMT" time="46.057" errors="0">
  <testcase name="ImperialTexTest" time="46.057" classname="imperialtextest.ImperialTexSuite"/>
</testsuite> <!-- imperialtextest.ImperialTexSuite -->
